🚀 Servidor pronto: http://localhost:3000
❌ Erro na BD: AggregateError [ECONNREFUSED]: 
    at internalConnectMultiple (node:net:1139:18)
    at afterConnectMultiple (node:net:1712:7) {
  code: 'ECONNREFUSED',
  fatal: true,
  [errors]: [
    Error: connect ECONNREFUSED ::1:3306
        at createConnectionError (node:net:1675:14)
        at afterConnectMultiple (node:net:1705:16) {
      errno: -111,
      code: 'ECONNREFUSED',
      syscall: 'connect',
      address: '::1',
      port: 3306
    },
    Error: connect ECONNREFUSED 127.0.0.1:3306
        at createConnectionError (node:net:1675:14)
        at afterConnectMultiple (node:net:1705:16) {
      errno: -111,
      code: 'ECONNREFUSED',
      syscall: 'connect',
      address: '127.0.0.1',
      port: 3306
    }
  ]
}
